Process 96 reading from file ZZ_6_0_8500_8500
Process 164 reading from file ZZ_10_4_8000_8500
Process 128 reading from file ZZ_8_0_8300_8500
Process 1 reading from file ZZ_0_1_8500_8500
Process 226 reading from file ZZ_14_2_8000_8500
Process 48 reading from file ZZ_3_0_8500_8500
Process 113 reading from file ZZ_7_1_8500_8500
Process 176 reading from file ZZ_11_0_8000_8500
Process 240 reading from file ZZ_15_0_8000_8500
Process 82 reading from file ZZ_5_2_8500_8500
Process 18 reading from file ZZ_1_2_8500_8500
Process 209 reading from file ZZ_13_1_8000_8500
Process 32 reading from file ZZ_2_0_8500_8500
Process 192 reading from file ZZ_12_0_8000_8500
Process 64 reading from file ZZ_4_0_8500_8500
Process 144 reading from file ZZ_9_0_8000_8500
Process 97 reading from file ZZ_6_1_8500_8500
Process 165 reading from file ZZ_10_5_8000_8500
Process 130 reading from file ZZ_8_2_8300_8500
Process 3 reading from file ZZ_0_3_8500_8500
Process 228 reading from file ZZ_14_4_8000_8500
Process 49 reading from file ZZ_3_1_8500_8500
Process 114 reading from file ZZ_7_2_8500_8500
Process 177 reading from file ZZ_11_1_8000_8500
Process 242 reading from file ZZ_15_2_8000_8500
Process 84 reading from file ZZ_5_4_8500_8500
Process 19 reading from file ZZ_1_3_8500_8500
Process 211 reading from file ZZ_13_3_8000_8500
Process 33 reading from file ZZ_2_1_8500_8500
Process 193 reading from file ZZ_12_1_8000_8500
Process 65 reading from file ZZ_4_1_8500_8500
Process 145 reading from file ZZ_9_1_8000_8500
Process 99 reading from file ZZ_6_3_8500_8500
Process 167 reading from file ZZ_10_7_8000_8500
Process 131 reading from file ZZ_8_3_8300_8500
Process 4 reading from file ZZ_0_4_8500_8500
Process 230 reading from file ZZ_14_6_8000_8500
Process 50 reading from file ZZ_3_2_8500_8500
Process 115 reading from file ZZ_7_3_8500_8500
Process 178 reading from file ZZ_11_2_8000_8500
Process 243 reading from file ZZ_15_3_8000_8500
Process 85 reading from file ZZ_5_5_8500_8500
Process 20 reading from file ZZ_1_4_8500_8500
Process 213 reading from file ZZ_13_5_8000_8500
Process 34 reading from file ZZ_2_2_8500_8500
Process 194 reading from file ZZ_12_2_8000_8500
Process 66 reading from file ZZ_4_2_8500_8500
Process 146 reading from file ZZ_9_2_8000_8500
Process 100 reading from file ZZ_6_4_8500_8500
Process 171 reading from file ZZ_10_11_8000_8000
Process 132 reading from file ZZ_8_4_8300_8500
Process 5 reading from file ZZ_0_5_8500_8500
Process 232 reading from file ZZ_14_8_8000_8300
Process 52 reading from file ZZ_3_4_8500_8500
Process 116 reading from file ZZ_7_4_8500_8500
Process 179 reading from file ZZ_11_3_8000_8500
Process 244 reading from file ZZ_15_4_8000_8500
Process 91 reading from file ZZ_5_11_8500_8000
Process 21 reading from file ZZ_1_5_8500_8500
Process 214 reading from file ZZ_13_6_8000_8500
Process 35 reading from file ZZ_2_3_8500_8500
Process 195 reading from file ZZ_12_3_8000_8500
Process 67 reading from file ZZ_4_3_8500_8500
Process 147 reading from file ZZ_9_3_8000_8500
Process 102 reading from file ZZ_6_6_8500_8500
Process 173 reading from file ZZ_10_13_8000_8000
Process 133 reading from file ZZ_8_5_8300_8500
Process 6 reading from file ZZ_0_6_8500_8500
Process 234 reading from file ZZ_14_10_8000_8000
Process 53 reading from file ZZ_3_5_8500_8500
Process 117 reading from file ZZ_7_5_8500_8500
Process 180 reading from file ZZ_11_4_8000_8500
Process 246 reading from file ZZ_15_6_8000_8500
Process 93 reading from file ZZ_5_13_8500_8000
Process 22 reading from file ZZ_1_6_8500_8500
Process 215 reading from file ZZ_13_7_8000_8500
Process 36 reading from file ZZ_2_4_8500_8500
Process 196 reading from file ZZ_12_4_8000_8500
Process 68 reading from file ZZ_4_4_8500_8500
Process 148 reading from file ZZ_9_4_8000_8500
Process 103 reading from file ZZ_6_7_8500_8500
Process 174 reading from file ZZ_10_14_8000_8000
Process 134 reading from file ZZ_8_6_8300_8500
Process 7 reading from file ZZ_0_7_8500_8500
Process 236 reading from file ZZ_14_12_8000_8000
Process 54 reading from file ZZ_3_6_8500_8500
Process 118 reading from file ZZ_7_6_8500_8500
Process 181 reading from file ZZ_11_5_8000_8500
Process 247 reading from file ZZ_15_7_8000_8500
Process 94 reading from file ZZ_5_14_8500_8000
Process 23 reading from file ZZ_1_7_8500_8500
Process 216 reading from file ZZ_13_8_8000_8300
Process 37 reading from file ZZ_2_5_8500_8500
Process 197 reading from file ZZ_12_5_8000_8500
Process 70 reading from file ZZ_4_6_8500_8500
Process 149 reading from file ZZ_9_5_8000_8500
Process 104 reading from file ZZ_6_8_8500_8300
Process 175 reading from file ZZ_10_15_8000_8000
Process 135 reading from file ZZ_8_7_8300_8500
Process 8 reading from file ZZ_0_8_8500_8300
Process 238 reading from file ZZ_14_14_8000_8000
Process 55 reading from file ZZ_3_7_8500_8500
Process 119 reading from file ZZ_7_7_8500_8500
Process 182 reading from file ZZ_11_6_8000_8500
Process 248 reading from file ZZ_15_8_8000_8300
Process 95 reading from file ZZ_5_15_8500_8000
Process 24 reading from file ZZ_1_8_8500_8300
Process 217 reading from file ZZ_13_9_8000_8000
Process 38 reading from file ZZ_2_6_8500_8500
Process 198 reading from file ZZ_12_6_8000_8500
Process 72 reading from file ZZ_4_8_8500_8300
Process 150 reading from file ZZ_9_6_8000_8500
Process 105 reading from file ZZ_6_9_8500_8000
Process 160 reading from file ZZ_10_0_8000_8500
Process 136 reading from file ZZ_8_8_8300_8300
Process 10 reading from file ZZ_0_10_8500_8000
Process 239 reading from file ZZ_14_15_8000_8000
Process 56 reading from file ZZ_3_8_8500_8300
Process 120 reading from file ZZ_7_8_8500_8300
Process 183 reading from file ZZ_11_7_8000_8500
Process 249 reading from file ZZ_15_9_8000_8000
Process 80 reading from file ZZ_5_0_8500_8500
Process 25 reading from file ZZ_1_9_8500_8000
Process 218 reading from file ZZ_13_10_8000_8000
Process 39 reading from file ZZ_2_7_8500_8500
Process 199 reading from file ZZ_12_7_8000_8500
Process 73 reading from file ZZ_4_9_8500_8000
Process 151 reading from file ZZ_9_7_8000_8500
Process 106 reading from file ZZ_6_10_8500_8000
Process 161 reading from file ZZ_10_1_8000_8500
Process 137 reading from file ZZ_8_9_8300_8000
Process 11 reading from file ZZ_0_11_8500_8000
Process 224 reading from file ZZ_14_0_8000_8500
Process 57 reading from file ZZ_3_9_8500_8000
Process 121 reading from file ZZ_7_9_8500_8000
Process 184 reading from file ZZ_11_8_8000_8300
Process 250 reading from file ZZ_15_10_8000_8000
Process 81 reading from file ZZ_5_1_8500_8500
Process 26 reading from file ZZ_1_10_8500_8000
Process 219 reading from file ZZ_13_11_8000_8000
Process 40 reading from file ZZ_2_8_8500_8300
Process 200 reading from file ZZ_12_8_8000_8300
Process 74 reading from file ZZ_4_10_8500_8000
Process 152 reading from file ZZ_9_8_8000_8300
Process 107 reading from file ZZ_6_11_8500_8000
Process 162 reading from file ZZ_10_2_8000_8500
Process 139 reading from file ZZ_8_11_8300_8000
Process 12 reading from file ZZ_0_12_8500_8000
Process 225 reading from file ZZ_14_1_8000_8500
Process 58 reading from file ZZ_3_10_8500_8000
Process 122 reading from file ZZ_7_10_8500_8000
Process 185 reading from file ZZ_11_9_8000_8000
Process 251 reading from file ZZ_15_11_8000_8000
Process 83 reading from file ZZ_5_3_8500_8500
Process 27 reading from file ZZ_1_11_8500_8000
Process 220 reading from file ZZ_13_12_8000_8000
Process 41 reading from file ZZ_2_9_8500_8000
Process 201 reading from file ZZ_12_9_8000_8000
Process 75 reading from file ZZ_4_11_8500_8000
Process 153 reading from file ZZ_9_9_8000_8000
Process 108 reading from file ZZ_6_12_8500_8000
Process 163 reading from file ZZ_10_3_8000_8500
Process 141 reading from file ZZ_8_13_8300_8000
Process 13 reading from file ZZ_0_13_8500_8000
Process 227 reading from file ZZ_14_3_8000_8500
Process 59 reading from file ZZ_3_11_8500_8000
Process 123 reading from file ZZ_7_11_8500_8000
Process 186 reading from file ZZ_11_10_8000_8000
Process 252 reading from file ZZ_15_12_8000_8000
Process 86 reading from file ZZ_5_6_8500_8500
Process 28 reading from file ZZ_1_12_8500_8000
Process 221 reading from file ZZ_13_13_8000_8000
Process 42 reading from file ZZ_2_10_8500_8000
Process 202 reading from file ZZ_12_10_8000_8000
Process 76 reading from file ZZ_4_12_8500_8000
Process 154 reading from file ZZ_9_10_8000_8000
Process 109 reading from file ZZ_6_13_8500_8000
Process 166 reading from file ZZ_10_6_8000_8500
Process 142 reading from file ZZ_8_14_8300_8000
Process 14 reading from file ZZ_0_14_8500_8000
Process 229 reading from file ZZ_14_5_8000_8500
Process 60 reading from file ZZ_3_12_8500_8000
Process 124 reading from file ZZ_7_12_8500_8000
Process 187 reading from file ZZ_11_11_8000_8000
Process 253 reading from file ZZ_15_13_8000_8000
Process 87 reading from file ZZ_5_7_8500_8500
Process 29 reading from file ZZ_1_13_8500_8000
Process 222 reading from file ZZ_13_14_8000_8000
Process 43 reading from file ZZ_2_11_8500_8000
Process 203 reading from file ZZ_12_11_8000_8000
Process 78 reading from file ZZ_4_14_8500_8000
Process 155 reading from file ZZ_9_11_8000_8000
Process 111 reading from file ZZ_6_15_8500_8000
Process 168 reading from file ZZ_10_8_8000_8300
Process 143 reading from file ZZ_8_15_8300_8000
Process 15 reading from file ZZ_0_15_8500_8000
Process 231 reading from file ZZ_14_7_8000_8500
Process 61 reading from file ZZ_3_13_8500_8000
Process 125 reading from file ZZ_7_13_8500_8000
Process 188 reading from file ZZ_11_12_8000_8000
Process 254 reading from file ZZ_15_14_8000_8000
Process 30 reading from file ZZ_1_14_8500_8000
Process 223 reading from file ZZ_13_15_8000_8000
Process 44 reading from file ZZ_2_12_8500_8000
Process 204 reading from file ZZ_12_12_8000_8000
Process 79 reading from file ZZ_4_15_8500_8000
Process 156 reading from file ZZ_9_12_8000_8000
Process 98 reading from file ZZ_6_2_8500_8500
Process 169 reading from file ZZ_10_9_8000_8000
Process 129 reading from file ZZ_8_1_8300_8500
Process 0 reading from file ZZ_0_0_8500_8500
Process 233 reading from file ZZ_14_9_8000_8000
Process 62 reading from file ZZ_3_14_8500_8000
Process 126 reading from file ZZ_7_14_8500_8000
Process 189 reading from file ZZ_11_13_8000_8000
Process 255 reading from file ZZ_15_15_8000_8000
Process 88 reading from file ZZ_5_8_8500_8300
Process 31 reading from file ZZ_1_15_8500_8000
Process 208 reading from file ZZ_13_0_8000_8500
Process 45 reading from file ZZ_2_13_8500_8000
Process 205 reading from file ZZ_12_13_8000_8000
Process 69 reading from file ZZ_4_5_8500_8500
Process 157 reading from file ZZ_9_13_8000_8000
Process 101 reading from file ZZ_6_5_8500_8500
Process 170 reading from file ZZ_10_10_8000_8000
Process 138 reading from file ZZ_8_10_8300_8000
Process 2 reading from file ZZ_0_2_8500_8500
Process 235 reading from file ZZ_14_11_8000_8000
Process 63 reading from file ZZ_3_15_8500_8000
Process 127 reading from file ZZ_7_15_8500_8000
Process 190 reading from file ZZ_11_14_8000_8000
Process 241 reading from file ZZ_15_1_8000_8500
Process 89 reading from file ZZ_5_9_8500_8000
Process 16 reading from file ZZ_1_0_8500_8500
Process 46 reading from file ZZ_2_14_8500_8000
Process 206 reading from file ZZ_12_14_8000_8000
Process 71 reading from file ZZ_4_7_8500_8500
Process 158 reading from file ZZ_9_14_8000_8000
Process 110 reading from file ZZ_6_14_8500_8000
Process 172 reading from file ZZ_10_12_8000_8000
Process 140 reading from file ZZ_8_12_8300_8000
Process 9 reading from file ZZ_0_9_8500_8000
Process 237 reading from file ZZ_14_13_8000_8000
Process 51 reading from file ZZ_3_3_8500_8500
Process 112 reading from file ZZ_7_0_8500_8500
Process 191 reading from file ZZ_11_15_8000_8000
Process 245 reading from file ZZ_15_5_8000_8500
Process 90 reading from file ZZ_5_10_8500_8000
Process 17 reading from file ZZ_1_1_8500_8500
Process 210 reading from file ZZ_13_2_8000_8500
Process 47 reading from file ZZ_2_15_8500_8000
Process 207 reading from file ZZ_12_15_8000_8000
Process 159 reading from file ZZ_9_15_8000_8000
Process 92 reading from file ZZ_5_12_8500_8000
Process 212 reading from file ZZ_13_4_8000_8500
Process 77 reading from file ZZ_4_13_8500_8000
Done in: 10.3273s
Redistributing...
Done in 81.4188s
STRUMPACK Dense Package version 1.1.1, complex single precision arithmetic.

Warning: both block_HSS and levels_HSS are defined; block_HSS is ignored
Parallel HSS compression with 6 levels in the tree...
Done in 101.688s; max rank = 5792; effective number of random vectors = 6000

Parallel ULV factorization...
Done in 8.64469s

Process 0 reading from file CC_0_8500
Process 0 reading from file CC_1_8500
Process 0 reading from file CC_2_8500
Process 0 reading from file CC_3_8500
Process 0 reading from file CC_4_8500
Process 0 reading from file CC_5_8500
Process 0 reading from file CC_6_8500
Process 0 reading from file CC_7_8500
Process 0 reading from file CC_8_8300
Process 0 reading from file CC_9_8000
Process 0 reading from file CC_10_8000
Process 0 reading from file CC_11_8000
Process 0 reading from file CC_12_8000
Process 0 reading from file CC_13_8000
Process 0 reading from file CC_14_8000
Process 0 reading from file CC_15_8000
Parallel HSS triangular solution...
Done in 0.331173s

Checking solution...
Relative residual: ||A*x-b||_fro/||b||_fro=0.00378803
Done in 0.127268s

Iterative refinement of the solution...
Step 0: err = 0.00378803
Step 1: err = 0.000787518
Step 2: err = 0.000132715
Step 3: err = 2.66212e-05
Step 4: err = 5.78326e-06
Step 5: err = 1.36209e-06
Step 6: err = 6.87477e-07
Step 7: err = 5.98839e-07
Step 8: err = 5.86313e-07
Step 9: err = 5.90608e-07
Step 10: err = 5.89351e-07
Step 11: err = 5.82029e-07
Step 12: err = 5.80018e-07
Step 13: err = 5.81692e-07
Step 14: err = 5.84739e-07
Step 15: err = 5.86794e-07
Step 16: err = 5.91711e-07
Step 17: err = 5.89285e-07
Step 18: err = 5.85917e-07
Step 19: err = 5.83378e-07
Step 20: err = 5.84842e-07
Done in 11.8114s

Statistics: 

Time spent in compression:    101.688 (s)
Time spent in initial distrib:9.94932 (s)
Random number generation:     min= 0.0202677 (s); avg=0.0326019 (s); max=0.0704131 (s)
Global sample GEMMs:          min= 56.6244 (s); avg=56.7232 (s); max=56.789 (s)
Interpolative decompositions: min= 5.74041 (s); avg=23.0583 (s); max=25.7862 (s)
Flops for compression (GFlops): min= 419.727; avg= 452.218; max= 456.116; total= 463071
HSS factors (MB): min= 2.60979; avg= 10.6424; max= 11.4933; total= 10897.9

Time spent in factorization: 8.64469 (s)
Flops for factorization (GFlops): min= 8.4014; avg= 28.9396; max= 32.7499; total= 29634.1
ULV factors (MB): min= 7.88438; avg= 27.7095; max= 29.9934; total= 28374.5

Cumulated time in solution steps: 7.9794 (s)
Cumulated flops in solution steps (GFlops): min= 0.0933844; avg= 0.147912; max= 0.15253; total= 151.462

Cumulated time in matrix-vector products: 4.28903 (s)
Cumulated flops in matrix-vector products (GFlops): min= 1.43582; avg= 1.43582; max= 1.43582; total= 1470.28
